<?xml version="1.0" encoding="UTF-8"?>
<testsuite name="fiuba.RunFeatureTest" time="0.011" tests="16" errors="0" skipped="0" failures="0">
  <properties>
    <property name="java.runtime.name" value="Java(TM) SE Runtime Environment"/>
    <property name="sun.boot.library.path" value="/usr/local/lib/java/jdk1.8.0_131/jre/lib/amd64"/>
    <property name="java.vm.version" value="25.131-b11"/>
    <property name="java.vm.vendor" value="Oracle Corporation"/>
    <property name="maven.multiModuleProjectDirectory" value="/home/juanma/workplace/aninfo/proyecto-base-memo1"/>
    <property name="java.vendor.url" value="http://java.oracle.com/"/>
    <property name="path.separator" value=":"/>
    <property name="guice.disable.misplaced.annotation.check" value="true"/>
    <property name="java.vm.name" value="Java HotSpot(TM) 64-Bit Server VM"/>
    <property name="file.encoding.pkg" value="sun.io"/>
    <property name="user.country" value="US"/>
    <property name="sun.java.launcher" value="SUN_STANDARD"/>
    <property name="sun.os.patch.level" value="unknown"/>
    <property name="java.vm.specification.name" value="Java Virtual Machine Specification"/>
    <property name="user.dir" value="/home/juanma/workplace/aninfo/proyecto-base-memo1"/>
    <property name="java.runtime.version" value="1.8.0_131-b11"/>
    <property name="java.awt.graphicsenv" value="sun.awt.X11GraphicsEnvironment"/>
    <property name="java.endorsed.dirs" value="/usr/local/lib/java/jdk1.8.0_131/jre/lib/endorsed"/>
    <property name="os.arch" value="amd64"/>
    <property name="java.io.tmpdir" value="/tmp"/>
    <property name="line.separator" value="&#10;"/>
    <property name="java.vm.specification.vendor" value="Oracle Corporation"/>
    <property name="os.name" value="Linux"/>
    <property name="classworlds.conf" value="/usr/share/maven/bin/m2.conf"/>
    <property name="sun.jnu.encoding" value="UTF-8"/>
    <property name="java.library.path" value="/usr/java/packages/lib/amd64:/usr/lib64:/lib64:/lib:/usr/lib"/>
    <property name="java.specification.name" value="Java Platform API Specification"/>
    <property name="java.class.version" value="52.0"/>
    <property name="sun.management.compiler" value="HotSpot 64-Bit Tiered Compilers"/>
    <property name="os.version" value="4.4.0-78-generic"/>
    <property name="user.home" value="/home/juanma"/>
    <property name="user.timezone" value="America/Argentina/Buenos_Aires"/>
    <property name="java.awt.printerjob" value="sun.print.PSPrinterJob"/>
    <property name="file.encoding" value="UTF-8"/>
    <property name="java.specification.version" value="1.8"/>
    <property name="user.name" value="juanma"/>
    <property name="java.class.path" value="/usr/share/maven/boot/plexus-classworlds-2.x.jar"/>
    <property name="org.slf4j.simpleLogger.defaultLogLevel" value="error"/>
    <property name="java.vm.specification.version" value="1.8"/>
    <property name="sun.arch.data.model" value="64"/>
    <property name="java.home" value="/usr/local/lib/java/jdk1.8.0_131/jre"/>
    <property name="sun.java.command" value="org.codehaus.plexus.classworlds.launcher.Launcher -q test"/>
    <property name="java.specification.vendor" value="Oracle Corporation"/>
    <property name="user.language" value="en"/>
    <property name="awt.toolkit" value="sun.awt.X11.XToolkit"/>
    <property name="java.vm.info" value="mixed mode"/>
    <property name="java.version" value="1.8.0_131"/>
    <property name="java.ext.dirs" value="/usr/local/lib/java/jdk1.8.0_131/jre/lib/ext:/usr/java/packages/lib/ext"/>
    <property name="securerandom.source" value="file:/dev/./urandom"/>
    <property name="sun.boot.class.path" value="/usr/local/lib/java/jdk1.8.0_131/jre/lib/resources.jar:/usr/local/lib/java/jdk1.8.0_131/jre/lib/rt.jar:/usr/local/lib/java/jdk1.8.0_131/jre/lib/sunrsasign.jar:/usr/local/lib/java/jdk1.8.0_131/jre/lib/jsse.jar:/usr/local/lib/java/jdk1.8.0_131/jre/lib/jce.jar:/usr/local/lib/java/jdk1.8.0_131/jre/lib/charsets.jar:/usr/local/lib/java/jdk1.8.0_131/jre/lib/jfr.jar:/usr/local/lib/java/jdk1.8.0_131/jre/classes"/>
    <property name="java.vendor" value="Oracle Corporation"/>
    <property name="maven.home" value="/usr/share/maven"/>
    <property name="file.separator" value="/"/>
    <property name="java.vendor.url.bug" value="http://bugreport.sun.com/bugreport/"/>
    <property name="sun.cpu.endian" value="little"/>
    <property name="sun.io.unicode.encoding" value="UnicodeLittle"/>
    <property name="sun.desktop" value="gnome"/>
    <property name="sun.cpu.isalist" value=""/>
  </properties>
  <testcase name="Dado que mi caja de ahorro tiene un saldo de &quot;100&quot; pesos" classname="Escenario: Caja de ahorro con saldo suficiente" time="0.001"/>
  <testcase name="Cuando cuando debito &quot;50&quot; pesos" classname="Escenario: Caja de ahorro con saldo suficiente" time="0"/>
  <testcase name="Entonces el saldo final es de &quot;50&quot; pesos" classname="Escenario: Caja de ahorro con saldo suficiente" time="0"/>
  <testcase name="Escenario: Caja de ahorro con saldo suficiente" classname="Escenario: Caja de ahorro con saldo suficiente" time="0"/>
  <testcase name="Dado que mi caja de ahorro tiene un saldo de &quot;10&quot; pesos" classname="Escenario: Caja de ahorro sin saldo suficiente" time="0.001"/>
  <testcase name="Cuando cuando debito &quot;20&quot; pesos" classname="Escenario: Caja de ahorro sin saldo suficiente" time="0.001"/>
  <testcase name="Entonces la operacion es rechazada y el saldo final es &quot;10&quot; pesos" classname="Escenario: Caja de ahorro sin saldo suficiente" time="0.001"/>
  <testcase name="Escenario: Caja de ahorro sin saldo suficiente" classname="Escenario: Caja de ahorro sin saldo suficiente" time="0.004"/>
  <testcase name="Dado un empleado y una tarea asignada" classname="Escenario: Un empleado cambia el estado de una tarea" time="0"/>
  <testcase name="Cuando el empleado cambia el estado de la tarea" classname="Escenario: Un empleado cambia el estado de una tarea" time="0"/>
  <testcase name="Entonces la tarea queda con el estado actualizado" classname="Escenario: Un empleado cambia el estado de una tarea" time="0.001"/>
  <testcase name="Escenario: Un empleado cambia el estado de una tarea" classname="Escenario: Un empleado cambia el estado de una tarea" time="0.001"/>
  <testcase name="Dado un empleado y una tarea que no le pertenece" classname="Escenario: Un empleado intenta cambiar el estado de una tarea que no le pertenece" time="0"/>
  <testcase name="Cuando el empleado cambia el estado de la tarea" classname="Escenario: Un empleado intenta cambiar el estado de una tarea que no le pertenece" time="0"/>
  <testcase name="Entonces la tarea queda con el estado anterior" classname="Escenario: Un empleado intenta cambiar el estado de una tarea que no le pertenece" time="0"/>
  <testcase name="Escenario: Un empleado intenta cambiar el estado de una tarea que no le pertenece" classname="Escenario: Un empleado intenta cambiar el estado de una tarea que no le pertenece" time="0.001"/>
</testsuite>